0 info it worked if it ends with ok
1 verbose cli [
1 verbose cli   '/opt/homebrew/Cellar/node/16.4.2/bin/node',
1 verbose cli   '/Users/peterbishop/Desktop/authTester/node_modules/.bin/npm',
1 verbose cli   'start'
1 verbose cli ]
2 info using npm@2.15.12
3 info using node@v16.4.2
4 verbose run-script [ 'prestart', 'start', 'poststart' ]
5 info prestart server@1.0.0
6 info start server@1.0.0
7 verbose unsafe-perm in lifecycle true
8 info server@1.0.0 Failed to exec start script
9 verbose stack Error: server@1.0.0 start: `node server.js`
9 verbose stack Exit status 1
9 verbose stack     at EventEmitter.<anonymous> (/Users/peterbishop/Desktop/authTester/node_modules/npm/lib/utils/lifecycle.js:217:16)
9 verbose stack     at EventEmitter.emit (node:events:394:28)
9 verbose stack     at ChildProcess.<anonymous> (/Users/peterbishop/Desktop/authTester/node_modules/npm/lib/utils/spawn.js:24:14)
9 verbose stack     at ChildProcess.emit (node:events:394:28)
9 verbose stack     at maybeClose (node:internal/child_process:1067:16)
9 verbose stack     at Process.ChildProcess._handle.onexit (node:internal/child_process:301:5)
10 verbose pkgid server@1.0.0
11 verbose cwd /Users/peterbishop/Desktop/authTester/server
12 error Darwin 21.3.0
13 error argv "/opt/homebrew/Cellar/node/16.4.2/bin/node" "/Users/peterbishop/Desktop/authTester/node_modules/.bin/npm" "start"
14 error node v16.4.2
15 error npm  v2.15.12
16 error code ELIFECYCLE
17 error server@1.0.0 start: `node server.js`
17 error Exit status 1
18 error Failed at the server@1.0.0 start script 'node server.js'.
18 error This is most likely a problem with the server package,
18 error not with npm itself.
18 error Tell the author that this fails on your system:
18 error     node server.js
18 error You can get information on how to open an issue for this project with:
18 error     npm bugs server
18 error Or if that isn't available, you can get their info via:
18 error
18 error     npm owner ls server
18 error There is likely additional logging output above.
19 verbose exit [ 1, true ]
